[debug] [2023-02-15T16:51:21.974Z] ----------------------------------------------------------------------
[debug] [2023-02-15T16:51:21.976Z] Command:       C:\Program Files\nodejs\node.exe C:\Users\96478\AppData\Roaming\npm\node_modules\firebase-tools\lib\bin\firebase.js init
[debug] [2023-02-15T16:51:21.977Z] CLI Version:   11.23.1
[debug] [2023-02-15T16:51:21.977Z] Platform:      win32
[debug] [2023-02-15T16:51:21.977Z] Node Version:  v18.14.0
[debug] [2023-02-15T16:51:21.978Z] Time:          Wed Feb 15 2023 19:51:21 GMT+0300 (Arabian Standard Time)
[debug] [2023-02-15T16:51:21.979Z] ----------------------------------------------------------------------
[debug] 
[debug] [2023-02-15T16:51:21.986Z] > command requires scopes: ["email","openid","https://www.googleapis.com/auth/cloudplatformprojects.readonly","https://www.googleapis.com/auth/firebase","https://www.googleapis.com/auth/cloud-platform"]
[debug] [2023-02-15T16:51:21.986Z] > authorizing via signed-in user (haltar020@gmail.com)
[info] 
     ######## #### ########  ######## ########     ###     ######  ########
     ##        ##  ##     ## ##       ##     ##  ##   ##  ##       ##
     ######    ##  ########  ######   ########  #########  ######  ######
     ##        ##  ##    ##  ##       ##     ## ##     ##       ## ##
     ##       #### ##     ## ######## ########  ##     ##  ######  ########

You're about to initialize a Firebase project in this directory:

  C:\Users\96478\Documents\test node js server

[info] 
=== Project Setup
[info] 
[info] First, let's associate this project directory with a Firebase project.
[info] You can create multiple project aliases by running firebase use --add, 
[info] but for now we'll just set up a default project.
[info] 
[debug] [2023-02-15T16:53:36.871Z] >>> [apiv2][query] GET https://firebase.googleapis.com/v1beta1/projects pageSize=100
[debug] [2023-02-15T16:53:38.285Z] <<< [apiv2][status] GET https://firebase.googleapis.com/v1beta1/projects 200
[debug] [2023-02-15T16:53:38.285Z] <<< [apiv2][body] GET https://firebase.googleapis.com/v1beta1/projects [omitted]
[info] i  Using project ornate-rarity-377517 (My Project 66838) 
[info] 
=== Hosting Setup
[info] 
[info] Your public directory is the folder (relative to your project directory) that
[info] will contain Hosting assets to be uploaded with firebase deploy. If you
[info] have a build process for your assets, use your build's output directory.
[info] 
[info] +  Wrote public/404.html 
[debug] [2023-02-15T16:55:22.777Z] >>> [apiv2][query] GET https://www.gstatic.com/firebasejs/releases.json [none]
[debug] [2023-02-15T16:55:23.160Z] <<< [apiv2][status] GET https://www.gstatic.com/firebasejs/releases.json 200
[debug] [2023-02-15T16:55:23.160Z] <<< [apiv2][body] GET https://www.gstatic.com/firebasejs/releases.json {"current":{"version":"9.17.1","browserURL":"https://www.gstatic.com/firebasejs/9.17.1/firebase.js","packageURL":"https://www.gstatic.com/firebasejs/9.17.1/firebase.tgz"},"live":{"version":"9.17","browserURL":"https://www.gstatic.com/firebasejs/live/9.17/firebase.js","packageURL":"https://www.gstatic.com/firebasejs/live/9.17/firebase.tgz"},"components":{"analytics":"https://www.gstatic.com/firebasejs/9.17.1/firebase-analytics.js","app":"https://www.gstatic.com/firebasejs/9.17.1/firebase-app.js","app-check":"https://www.gstatic.com/firebasejs/9.17.1/firebase-app-check.js","auth":"https://www.gstatic.com/firebasejs/9.17.1/firebase-auth.js","auth/cordova":"https://www.gstatic.com/firebasejs/9.17.1/firebase-auth/cordova.js","auth/react-native":"https://www.gstatic.com/firebasejs/9.17.1/firebase-auth/react-native.js","functions":"https://www.gstatic.com/firebasejs/9.17.1/firebase-functions.js","firestore":"https://www.gstatic.com/firebasejs/9.17.1/firebase-firestore.js","firestore/lite":"https://www.gstatic.com/firebasejs/9.17.1/firebase-firestore/lite.js","installations":"https://www.gstatic.com/firebasejs/9.17.1/firebase-installations.js","storage":"https://www.gstatic.com/firebasejs/9.17.1/firebase-storage.js","performance":"https://www.gstatic.com/firebasejs/9.17.1/firebase-performance.js","remote-config":"https://www.gstatic.com/firebasejs/9.17.1/firebase-remote-config.js","messaging":"https://www.gstatic.com/firebasejs/9.17.1/firebase-messaging.js","messaging/sw":"https://www.gstatic.com/firebasejs/9.17.1/firebase-messaging/sw.js","database":"https://www.gstatic.com/firebasejs/9.17.1/firebase-database.js","firestore.memory":"https://www.gstatic.com/firebasejs/9.17.1/firebase-firestore.memory.js"}}
[info] +  Wrote public/index.html 
[info] 
[info] i  Didn't detect a .git folder. Assuming C:\Users\96478\Documents\test node js server is the project root. 
[info] i  Authorizing with GitHub to upload your service account to a GitHub repository's secrets store. 
[info] 
[info] Visit this URL on this device to log in:
[info] https://github.com/login/oauth/authorize?client_id=89cf50f02ac6aaed3484&state=865793450&redirect_uri=http%3A%2F%2Flocalhost%3A9005&scope=read%3Auser%20repo%20public_repo
[info] 
[info] Waiting for authentication...
[debug] [2023-02-15T16:55:57.968Z] >>> [apiv2][query] POST https://github.com/login/oauth/access_token [none]
[debug] [2023-02-15T16:55:57.968Z] >>> [apiv2][body] POST https://github.com/login/oauth/access_token [stream]
[debug] [2023-02-15T16:55:59.238Z] <<< [apiv2][status] POST https://github.com/login/oauth/access_token 200
[debug] [2023-02-15T16:55:59.239Z] <<< [apiv2][body] POST https://github.com/login/oauth/access_token {"access_token":"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","token_type":"bearer","scope":"read:user,repo"}
[debug] [2023-02-15T16:55:59.256Z] >>> [apiv2][query] GET https://api.github.com/user [none]
[debug] [2023-02-15T16:56:02.507Z] <<< [apiv2][status] GET https://api.github.com/user 200
[debug] [2023-02-15T16:56:02.508Z] <<< [apiv2][body] GET https://api.github.com/user {"login":"hussein2828","id":95879714,"node_id":"U_kgDOBbcCIg","avatar_url":"https://avatars.githubusercontent.com/u/95879714?v=4","gravatar_id":"","url":"https://api.github.com/users/hussein2828","html_url":"https://github.com/hussein2828","followers_url":"https://api.github.com/users/hussein2828/followers","following_url":"https://api.github.com/users/hussein2828/following{/other_user}","gists_url":"https://api.github.com/users/hussein2828/gists{/gist_id}","starred_url":"https://api.github.com/users/hussein2828/starred{/owner}{/repo}","subscriptions_url":"https://api.github.com/users/hussein2828/subscriptions","organizations_url":"https://api.github.com/users/hussein2828/orgs","repos_url":"https://api.github.com/users/hussein2828/repos","events_url":"https://api.github.com/users/hussein2828/events{/privacy}","received_events_url":"https://api.github.com/users/hussein2828/received_events","type":"User","site_admin":false,"name":"Hussein amir","company":null,"blog":"","location":"Babylon halli ","email":null,"hireable":null,"bio":"web Developer\r\nMy telegram users @sinx_2000","twitter_username":null,"public_repos":26,"public_gists":0,"followers":0,"following":0,"created_at":"2021-12-09T18:37:06Z","updated_at":"2023-01-20T19:01:41Z","private_gists":1,"total_private_repos":0,"owned_private_repos":0,"disk_usage":23454,"collaborators":0,"two_factor_authentication":false,"plan":{"name":"free","space":976562499,"collaborators":0,"private_repos":10000}}
[info] 
[info] +  Success! Logged into GitHub as hussein2828 
[info] 
[debug] [2023-02-15T16:56:27.636Z] >>> [apiv2][query] GET https://api.github.com/repos/user/actions/secrets/public-key type=owner
[debug] [2023-02-15T16:56:28.934Z] <<< [apiv2][status] GET https://api.github.com/repos/user/actions/secrets/public-key 404
[debug] [2023-02-15T16:56:28.935Z] <<< [apiv2][body] GET https://api.github.com/repos/user/actions/secrets/public-key {"message":"Not Found","documentation_url":"https://docs.github.com/rest"}
[debug] [2023-02-15T16:56:52.950Z] >>> [apiv2][query] GET https://api.github.com/repos/user/actions/secrets/public-key type=owner
[debug] [2023-02-15T16:56:54.052Z] <<< [apiv2][status] GET https://api.github.com/repos/user/actions/secrets/public-key 404
[debug] [2023-02-15T16:56:54.052Z] <<< [apiv2][body] GET https://api.github.com/repos/user/actions/secrets/public-key {"message":"Not Found","documentation_url":"https://docs.github.com/rest"}
[debug] [2023-02-15T16:57:02.429Z] >>> [apiv2][query] GET https://api.github.com/repos/user/actions/secrets/public-key type=owner
[debug] [2023-02-15T16:57:02.771Z] >>> [apiv2][query] GET https://api.github.com/repos//actions/secrets/public-key type=owner
[debug] [2023-02-15T16:57:03.626Z] <<< [apiv2][status] GET https://api.github.com/repos//actions/secrets/public-key 404
[debug] [2023-02-15T16:57:03.626Z] <<< [apiv2][body] GET https://api.github.com/repos//actions/secrets/public-key {"message":"Not Found","documentation_url":"https://docs.github.com/rest"}
[debug] [2023-02-15T16:57:03.719Z] <<< [apiv2][status] GET https://api.github.com/repos/user/actions/secrets/public-key 404
[debug] [2023-02-15T16:57:03.719Z] <<< [apiv2][body] GET https://api.github.com/repos/user/actions/secrets/public-key {"message":"Not Found","documentation_url":"https://docs.github.com/rest"}
[debug] [2023-02-15T16:57:04.753Z] >>> [apiv2][query] GET https://api.github.com/repos/user/actions/secrets/public-key type=owner
[debug] [2023-02-15T16:57:05.573Z] <<< [apiv2][status] GET https://api.github.com/repos/user/actions/secrets/public-key 404
[debug] [2023-02-15T16:57:05.574Z] <<< [apiv2][body] GET https://api.github.com/repos/user/actions/secrets/public-key {"message":"Not Found","documentation_url":"https://docs.github.com/rest"}
[debug] [2023-02-15T16:57:08.686Z] >>> [apiv2][query] GET https://api.github.com/repos//actions/secrets/public-key type=owner
[debug] [2023-02-15T16:57:09.300Z] <<< [apiv2][status] GET https://api.github.com/repos//actions/secrets/public-key 404
[debug] [2023-02-15T16:57:09.300Z] <<< [apiv2][body] GET https://api.github.com/repos//actions/secrets/public-key {"message":"Not Found","documentation_url":"https://docs.github.com/rest"}
[debug] [2023-02-15T16:58:17.494Z] >>> [apiv2][query] GET https://api.github.com/repos//actions/secrets/public-key type=owner
[debug] [2023-02-15T16:58:17.961Z] >>> [apiv2][query] GET https://api.github.com/repos//actions/secrets/public-key type=owner
[debug] [2023-02-15T16:58:18.202Z] >>> [apiv2][query] GET https://api.github.com/repos//actions/secrets/public-key type=owner
[debug] [2023-02-15T16:58:19.683Z] <<< [apiv2][status] GET https://api.github.com/repos//actions/secrets/public-key 404
[debug] [2023-02-15T16:58:19.683Z] <<< [apiv2][body] GET https://api.github.com/repos//actions/secrets/public-key {"message":"Not Found","documentation_url":"https://docs.github.com/rest"}
[debug] [2023-02-15T16:58:19.859Z] <<< [apiv2][status] GET https://api.github.com/repos//actions/secrets/public-key 404
[debug] [2023-02-15T16:58:19.860Z] <<< [apiv2][body] GET https://api.github.com/repos//actions/secrets/public-key {"message":"Not Found","documentation_url":"https://docs.github.com/rest"}
[debug] [2023-02-15T16:58:19.922Z] <<< [apiv2][status] GET https://api.github.com/repos//actions/secrets/public-key 404
[debug] [2023-02-15T16:58:19.922Z] <<< [apiv2][body] GET https://api.github.com/repos//actions/secrets/public-key {"message":"Not Found","documentation_url":"https://docs.github.com/rest"}
[debug] [2023-02-15T16:58:29.483Z] >>> [apiv2][query] GET https://api.github.com/repos/clear/actions/secrets/public-key type=owner
[debug] [2023-02-15T16:58:30.677Z] <<< [apiv2][status] GET https://api.github.com/repos/clear/actions/secrets/public-key 404
[debug] [2023-02-15T16:58:30.678Z] <<< [apiv2][body] GET https://api.github.com/repos/clear/actions/secrets/public-key {"message":"Not Found","documentation_url":"https://docs.github.com/rest"}
[debug] [2023-02-15T16:58:32.958Z] >>> [apiv2][query] GET https://api.github.com/repos/clear/actions/secrets/public-key type=owner
[debug] [2023-02-15T16:58:33.182Z] >>> [apiv2][query] GET https://api.github.com/repos//actions/secrets/public-key type=owner
[debug] [2023-02-15T16:58:35.138Z] <<< [apiv2][status] GET https://api.github.com/repos/clear/actions/secrets/public-key 404
[debug] [2023-02-15T16:58:35.139Z] <<< [apiv2][body] GET https://api.github.com/repos/clear/actions/secrets/public-key {"message":"Not Found","documentation_url":"https://docs.github.com/rest"}
[debug] [2023-02-15T16:58:35.295Z] <<< [apiv2][status] GET https://api.github.com/repos//actions/secrets/public-key 404
[debug] [2023-02-15T16:58:35.296Z] <<< [apiv2][body] GET https://api.github.com/repos//actions/secrets/public-key {"message":"Not Found","documentation_url":"https://docs.github.com/rest"}
[debug] [2023-02-15T16:59:00.957Z] ----------------------------------------------------------------------
[debug] [2023-02-15T16:59:00.959Z] Command:       C:\Program Files\nodejs\node.exe C:\Users\96478\AppData\Roaming\npm\node_modules\firebase-tools\lib\bin\firebase.js init
[debug] [2023-02-15T16:59:00.960Z] CLI Version:   11.23.1
[debug] [2023-02-15T16:59:00.960Z] Platform:      win32
[debug] [2023-02-15T16:59:00.960Z] Node Version:  v18.14.0
[debug] [2023-02-15T16:59:00.961Z] Time:          Wed Feb 15 2023 19:59:00 GMT+0300 (Arabian Standard Time)
[debug] [2023-02-15T16:59:00.961Z] ----------------------------------------------------------------------
[debug] 
[debug] [2023-02-15T16:59:00.969Z] > command requires scopes: ["email","openid","https://www.googleapis.com/auth/cloudplatformprojects.readonly","https://www.googleapis.com/auth/firebase","https://www.googleapis.com/auth/cloud-platform"]
[debug] [2023-02-15T16:59:00.970Z] > authorizing via signed-in user (haltar020@gmail.com)
[info] 
     ######## #### ########  ######## ########     ###     ######  ########
     ##        ##  ##     ## ##       ##     ##  ##   ##  ##       ##
     ######    ##  ########  ######   ########  #########  ######  ######
     ##        ##  ##    ##  ##       ##     ## ##     ##       ## ##
     ##       #### ##     ## ######## ########  ##     ##  ######  ########

You're about to initialize a Firebase project in this directory:

  C:\Users\96478\Documents\test node js server

[info] 
=== Project Setup
[info] 
[info] First, let's associate this project directory with a Firebase project.
[info] You can create multiple project aliases by running firebase use --add, 
[info] but for now we'll just set up a default project.
[info] 
[debug] [2023-02-15T16:59:37.030Z] >>> [apiv2][query] GET https://firebase.googleapis.com/v1beta1/projects pageSize=100
[debug] [2023-02-15T16:59:37.980Z] <<< [apiv2][status] GET https://firebase.googleapis.com/v1beta1/projects 200
[debug] [2023-02-15T16:59:37.981Z] <<< [apiv2][body] GET https://firebase.googleapis.com/v1beta1/projects [omitted]
[info] i  Using project ornate-rarity-377517 (My Project 66838) 
[info] 
=== Hosting Setup
[info] 
[info] Your public directory is the folder (relative to your project directory) that
[info] will contain Hosting assets to be uploaded with firebase deploy. If you
[info] have a build process for your assets, use your build's output directory.
[info] 
[debug] [2023-02-15T17:00:14.059Z] >>> [apiv2][query] GET https://www.gstatic.com/firebasejs/releases.json [none]
[debug] [2023-02-15T17:00:14.426Z] <<< [apiv2][status] GET https://www.gstatic.com/firebasejs/releases.json 200
[debug] [2023-02-15T17:00:14.427Z] <<< [apiv2][body] GET https://www.gstatic.com/firebasejs/releases.json {"current":{"version":"9.17.1","browserURL":"https://www.gstatic.com/firebasejs/9.17.1/firebase.js","packageURL":"https://www.gstatic.com/firebasejs/9.17.1/firebase.tgz"},"live":{"version":"9.17","browserURL":"https://www.gstatic.com/firebasejs/live/9.17/firebase.js","packageURL":"https://www.gstatic.com/firebasejs/live/9.17/firebase.tgz"},"components":{"analytics":"https://www.gstatic.com/firebasejs/9.17.1/firebase-analytics.js","app":"https://www.gstatic.com/firebasejs/9.17.1/firebase-app.js","app-check":"https://www.gstatic.com/firebasejs/9.17.1/firebase-app-check.js","auth":"https://www.gstatic.com/firebasejs/9.17.1/firebase-auth.js","auth/cordova":"https://www.gstatic.com/firebasejs/9.17.1/firebase-auth/cordova.js","auth/react-native":"https://www.gstatic.com/firebasejs/9.17.1/firebase-auth/react-native.js","functions":"https://www.gstatic.com/firebasejs/9.17.1/firebase-functions.js","firestore":"https://www.gstatic.com/firebasejs/9.17.1/firebase-firestore.js","firestore/lite":"https://www.gstatic.com/firebasejs/9.17.1/firebase-firestore/lite.js","installations":"https://www.gstatic.com/firebasejs/9.17.1/firebase-installations.js","storage":"https://www.gstatic.com/firebasejs/9.17.1/firebase-storage.js","performance":"https://www.gstatic.com/firebasejs/9.17.1/firebase-performance.js","remote-config":"https://www.gstatic.com/firebasejs/9.17.1/firebase-remote-config.js","messaging":"https://www.gstatic.com/firebasejs/9.17.1/firebase-messaging.js","messaging/sw":"https://www.gstatic.com/firebasejs/9.17.1/firebase-messaging/sw.js","database":"https://www.gstatic.com/firebasejs/9.17.1/firebase-database.js","firestore.memory":"https://www.gstatic.com/firebasejs/9.17.1/firebase-firestore.memory.js"}}
[info] +  Wrote n/index.html 
[info] 
[info] i  Didn't detect a .git folder. Assuming C:\Users\96478\Documents\test node js server is the project root. 
[info] i  Authorizing with GitHub to upload your service account to a GitHub repository's secrets store. 
[info] 
[info] Visit this URL on this device to log in:
[info] https://github.com/login/oauth/authorize?client_id=89cf50f02ac6aaed3484&state=193969428&redirect_uri=http%3A%2F%2Flocalhost%3A9005&scope=read%3Auser%20repo%20public_repo
[info] 
[info] Waiting for authentication...
[debug] [2023-02-15T17:00:21.952Z] >>> [apiv2][query] POST https://github.com/login/oauth/access_token [none]
[debug] [2023-02-15T17:00:21.952Z] >>> [apiv2][body] POST https://github.com/login/oauth/access_token [stream]
[debug] [2023-02-15T17:00:23.050Z] <<< [apiv2][status] POST https://github.com/login/oauth/access_token 200
[debug] [2023-02-15T17:00:23.051Z] <<< [apiv2][body] POST https://github.com/login/oauth/access_token {"access_token":"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","token_type":"bearer","scope":"read:user,repo"}
[debug] [2023-02-15T17:00:23.076Z] >>> [apiv2][query] GET https://api.github.com/user [none]
[debug] [2023-02-15T17:00:26.844Z] <<< [apiv2][status] GET https://api.github.com/user 200
[debug] [2023-02-15T17:00:26.845Z] <<< [apiv2][body] GET https://api.github.com/user {"login":"hussein2828","id":95879714,"node_id":"U_kgDOBbcCIg","avatar_url":"https://avatars.githubusercontent.com/u/95879714?v=4","gravatar_id":"","url":"https://api.github.com/users/hussein2828","html_url":"https://github.com/hussein2828","followers_url":"https://api.github.com/users/hussein2828/followers","following_url":"https://api.github.com/users/hussein2828/following{/other_user}","gists_url":"https://api.github.com/users/hussein2828/gists{/gist_id}","starred_url":"https://api.github.com/users/hussein2828/starred{/owner}{/repo}","subscriptions_url":"https://api.github.com/users/hussein2828/subscriptions","organizations_url":"https://api.github.com/users/hussein2828/orgs","repos_url":"https://api.github.com/users/hussein2828/repos","events_url":"https://api.github.com/users/hussein2828/events{/privacy}","received_events_url":"https://api.github.com/users/hussein2828/received_events","type":"User","site_admin":false,"name":"Hussein amir","company":null,"blog":"","location":"Babylon halli ","email":null,"hireable":null,"bio":"web Developer\r\nMy telegram users @sinx_2000","twitter_username":null,"public_repos":26,"public_gists":0,"followers":0,"following":0,"created_at":"2021-12-09T18:37:06Z","updated_at":"2023-01-20T19:01:41Z","private_gists":1,"total_private_repos":0,"owned_private_repos":0,"disk_usage":23454,"collaborators":0,"two_factor_authentication":false,"plan":{"name":"free","space":976562499,"collaborators":0,"private_repos":10000}}
[info] 
[info] +  Success! Logged into GitHub as hussein2828 
[info] 
